{"message":"[mb:2525] mountebank v2.3.3 now taking orders - point your browser to http://localhost:2525/ for help","level":"info","timestamp":"2020-12-13T07:58:30.416Z"}
{"message":"[mb:2525] POST /imposters","level":"info","timestamp":"2020-12-13T07:59:17.958Z"}
{"message":"[http:4545] Open for business...","level":"info","timestamp":"2020-12-13T07:59:17.987Z"}
{"message":"[http:4545] ::1:63493 => POST /test","level":"info","timestamp":"2020-12-13T07:59:40.752Z"}
{"message":"[http:4545] ::1:63495 => POST /test","level":"info","timestamp":"2020-12-13T07:59:49.585Z"}
{"message":"[mb:2525] DELETE /imposters/4545","level":"info","timestamp":"2020-12-13T08:00:09.551Z"}
{"message":"[http:4545] Ciao for now","level":"info","timestamp":"2020-12-13T08:00:09.553Z"}
{"message":"[mb:2525] POST /imposters","level":"info","timestamp":"2020-12-13T08:02:50.824Z"}
{"message":"[mb:2525] Invalid JSON: {","level":"error","timestamp":"2020-12-13T08:02:50.825Z"}
{"message":"[mb:2525] POST /imposters","level":"info","timestamp":"2020-12-13T08:03:09.309Z"}
{"message":"[mb:2525] Invalid JSON: {","level":"error","timestamp":"2020-12-13T08:03:09.310Z"}
{"message":"[mb:2525] POST /imposters","level":"info","timestamp":"2020-12-13T08:04:43.916Z"}
{"message":"[https:3000 Tutorial] Open for business...","level":"info","timestamp":"2020-12-13T08:04:43.954Z"}
{"message":"[https:3000 Tutorial] ::1:63566 => GET /tutorial","level":"info","timestamp":"2020-12-13T08:06:25.953Z"}
{"message":"[https:3000 Tutorial] ::1:63569 => GET /favicon.ico","level":"info","timestamp":"2020-12-13T08:06:26.151Z"}
{"message":"[https:3000 Tutorial] ::1:63652 => GET /tutorial","level":"info","timestamp":"2020-12-13T08:14:22.418Z"}
{"message":"[https:3000 Tutorial] ::1:63654 => GET /favicon.ico","level":"info","timestamp":"2020-12-13T08:14:22.477Z"}
{"message":"[mb:2525] DELETE /imposters/","level":"info","timestamp":"2020-12-13T08:15:48.251Z"}
{"message":"[https:3000 Tutorial] Ciao for now","level":"info","timestamp":"2020-12-13T08:15:48.253Z"}
{"message":"[mb:2525] DELETE /imposters/3000","level":"info","timestamp":"2020-12-13T08:16:00.433Z"}
{"message":"[mb:2525] DELETE /imposters/","level":"info","timestamp":"2020-12-13T08:16:04.963Z"}
{"message":"[mb:2525] POST /imposters","level":"info","timestamp":"2020-12-13T08:49:52.203Z"}
{"message":"[http:3000] Open for business...","level":"info","timestamp":"2020-12-13T08:49:52.208Z"}
{"message":"[mb:2525] POST /imposters","level":"info","timestamp":"2020-12-13T08:50:53.588Z"}
{"message":"[mb:2525] error creating imposter: {\"code\":\"EADDRINUSE\",\"errno\":-48,\"syscall\":\"listen\",\"address\":\"::\",\"port\":3000,\"domainEmitter\":{\"_events\":{\"connection\":[null,null]},\"_eventsCount\":3,\"_connections\":0,\"_handle\":null,\"_usingWorkers\":false,\"_workers\":[],\"_unref\":false,\"allowHalfOpen\":true,\"pauseOnConnect\":false,\"httpAllowHalfOpen\":false,\"timeout\":0,\"keepAliveTimeout\":5000,\"maxHeadersCount\":null,\"headersTimeout\":60000},\"domainThrown\":false,\"message\":\"listen EADDRINUSE: address already in use :::3000\",\"name\":\"Error\",\"stack\":\"Error: listen EADDRINUSE: address already in use :::3000\\n    at Server.setupListenHandle [as _listen2] (net.js:1308:16)\\n    at listenInCluster (net.js:1356:12)\\n    at Server.listen (net.js:1444:7)\\n    at create (/usr/local/lib/node_modules/mountebank/src/models/http/baseHttpServer.js:143:16)\\n    at Object.createServer (/usr/local/lib/node_modules/mountebank/src/models/protocols.js:23:13)\\n    at Domain.<anonymous> (/usr/local/lib/node_modules/mountebank/src/models/imposter.js:164:18)\\n    at Domain.run (domain.js:371:14)\\n    at Object.create (/usr/local/lib/node_modules/mountebank/src/models/imposter.js:159:12)\\n    at createImposter (/usr/local/lib/node_modules/mountebank/src/models/protocols.js:156:25)\\n    at Object.result.<computed>.createImposterFrom (/usr/local/lib/node_modules/mountebank/src/models/protocols.js:163:61)\"}","level":"error","timestamp":"2020-12-13T08:50:53.600Z"}
{"message":"[http:3000] ::ffff:127.0.0.1:64084 => GET /hello","level":"info","timestamp":"2020-12-13T08:50:53.602Z"}
{"message":"[http:3000] ::1:64091 => GET /hello","level":"info","timestamp":"2020-12-13T08:51:37.127Z"}
{"message":"[http:3000] ::1:64096 => GET /favicon.ico","level":"info","timestamp":"2020-12-13T08:51:37.455Z"}
{"message":"[mb:2525] POST /imposters","level":"info","timestamp":"2020-12-13T08:52:12.536Z"}
{"message":"[mb:2525] error creating imposter: {\"code\":\"EADDRINUSE\",\"errno\":-48,\"syscall\":\"listen\",\"address\":\"::\",\"port\":3000,\"domainEmitter\":{\"_events\":{\"connection\":[null,null]},\"_eventsCount\":3,\"_connections\":0,\"_handle\":null,\"_usingWorkers\":false,\"_workers\":[],\"_unref\":false,\"allowHalfOpen\":true,\"pauseOnConnect\":false,\"httpAllowHalfOpen\":false,\"timeout\":0,\"keepAliveTimeout\":5000,\"maxHeadersCount\":null,\"headersTimeout\":60000},\"domainThrown\":false,\"message\":\"listen EADDRINUSE: address already in use :::3000\",\"name\":\"Error\",\"stack\":\"Error: listen EADDRINUSE: address already in use :::3000\\n    at Server.setupListenHandle [as _listen2] (net.js:1308:16)\\n    at listenInCluster (net.js:1356:12)\\n    at Server.listen (net.js:1444:7)\\n    at create (/usr/local/lib/node_modules/mountebank/src/models/http/baseHttpServer.js:143:16)\\n    at Object.createServer (/usr/local/lib/node_modules/mountebank/src/models/protocols.js:23:13)\\n    at Domain.<anonymous> (/usr/local/lib/node_modules/mountebank/src/models/imposter.js:164:18)\\n    at Domain.run (domain.js:371:14)\\n    at Object.create (/usr/local/lib/node_modules/mountebank/src/models/imposter.js:159:12)\\n    at createImposter (/usr/local/lib/node_modules/mountebank/src/models/protocols.js:156:25)\\n    at Object.result.<computed>.createImposterFrom (/usr/local/lib/node_modules/mountebank/src/models/protocols.js:163:61)\"}","level":"error","timestamp":"2020-12-13T08:52:12.542Z"}
{"message":"[http:3000] ::ffff:127.0.0.1:64125 => GET /hello","level":"info","timestamp":"2020-12-13T08:52:12.543Z"}
{"message":"[mb:2525] POST /imposters","level":"info","timestamp":"2020-12-13T08:55:17.348Z"}
{"message":"[mb:2525] error creating imposter: {\"code\":\"EADDRINUSE\",\"errno\":-48,\"syscall\":\"listen\",\"address\":\"::\",\"port\":3000,\"domainEmitter\":{\"_events\":{\"connection\":[null,null]},\"_eventsCount\":3,\"_connections\":0,\"_handle\":null,\"_usingWorkers\":false,\"_workers\":[],\"_unref\":false,\"allowHalfOpen\":true,\"pauseOnConnect\":false,\"httpAllowHalfOpen\":false,\"timeout\":0,\"keepAliveTimeout\":5000,\"maxHeadersCount\":null,\"headersTimeout\":60000},\"domainThrown\":false,\"message\":\"listen EADDRINUSE: address already in use :::3000\",\"name\":\"Error\",\"stack\":\"Error: listen EADDRINUSE: address already in use :::3000\\n    at Server.setupListenHandle [as _listen2] (net.js:1308:16)\\n    at listenInCluster (net.js:1356:12)\\n    at Server.listen (net.js:1444:7)\\n    at create (/usr/local/lib/node_modules/mountebank/src/models/http/baseHttpServer.js:143:16)\\n    at Object.createServer (/usr/local/lib/node_modules/mountebank/src/models/protocols.js:23:13)\\n    at Domain.<anonymous> (/usr/local/lib/node_modules/mountebank/src/models/imposter.js:164:18)\\n    at Domain.run (domain.js:371:14)\\n    at Object.create (/usr/local/lib/node_modules/mountebank/src/models/imposter.js:159:12)\\n    at createImposter (/usr/local/lib/node_modules/mountebank/src/models/protocols.js:156:25)\\n    at Object.result.<computed>.createImposterFrom (/usr/local/lib/node_modules/mountebank/src/models/protocols.js:163:61)\"}","level":"error","timestamp":"2020-12-13T08:55:17.356Z"}
{"message":"[http:3000] ::ffff:127.0.0.1:64173 => GET /hello","level":"info","timestamp":"2020-12-13T08:55:17.365Z"}
{"message":"[mb:2525] POST /imposters","level":"info","timestamp":"2020-12-13T08:56:16.708Z"}
{"message":"[mb:2525] error creating imposter: {\"code\":\"EADDRINUSE\",\"errno\":-48,\"syscall\":\"listen\",\"address\":\"::\",\"port\":3000,\"domainEmitter\":{\"_events\":{\"connection\":[null,null]},\"_eventsCount\":3,\"_connections\":0,\"_handle\":null,\"_usingWorkers\":false,\"_workers\":[],\"_unref\":false,\"allowHalfOpen\":true,\"pauseOnConnect\":false,\"httpAllowHalfOpen\":false,\"timeout\":0,\"keepAliveTimeout\":5000,\"maxHeadersCount\":null,\"headersTimeout\":60000},\"domainThrown\":false,\"message\":\"listen EADDRINUSE: address already in use :::3000\",\"name\":\"Error\",\"stack\":\"Error: listen EADDRINUSE: address already in use :::3000\\n    at Server.setupListenHandle [as _listen2] (net.js:1308:16)\\n    at listenInCluster (net.js:1356:12)\\n    at Server.listen (net.js:1444:7)\\n    at create (/usr/local/lib/node_modules/mountebank/src/models/http/baseHttpServer.js:143:16)\\n    at Object.createServer (/usr/local/lib/node_modules/mountebank/src/models/protocols.js:23:13)\\n    at Domain.<anonymous> (/usr/local/lib/node_modules/mountebank/src/models/imposter.js:164:18)\\n    at Domain.run (domain.js:371:14)\\n    at Object.create (/usr/local/lib/node_modules/mountebank/src/models/imposter.js:159:12)\\n    at createImposter (/usr/local/lib/node_modules/mountebank/src/models/protocols.js:156:25)\\n    at Object.result.<computed>.createImposterFrom (/usr/local/lib/node_modules/mountebank/src/models/protocols.js:163:61)\"}","level":"error","timestamp":"2020-12-13T08:56:16.712Z"}
{"message":"[http:3000] ::ffff:127.0.0.1:64182 => GET /pets/123","level":"info","timestamp":"2020-12-13T08:56:16.714Z"}
{"message":"[http:3000] ::1:64185 => GET /pets/123","level":"info","timestamp":"2020-12-13T08:56:28.874Z"}
{"message":"[http:3000] ::1:64187 => GET /favicon.ico","level":"info","timestamp":"2020-12-13T08:56:28.976Z"}
{"message":"[mb:2525] POST /imposters","level":"info","timestamp":"2020-12-13T08:57:55.785Z"}
{"message":"[mb:2525] error creating imposter: {\"code\":\"EADDRINUSE\",\"errno\":-48,\"syscall\":\"listen\",\"address\":\"::\",\"port\":3000,\"domainEmitter\":{\"_events\":{\"connection\":[null,null]},\"_eventsCount\":3,\"_connections\":0,\"_handle\":null,\"_usingWorkers\":false,\"_workers\":[],\"_unref\":false,\"allowHalfOpen\":true,\"pauseOnConnect\":false,\"httpAllowHalfOpen\":false,\"timeout\":0,\"keepAliveTimeout\":5000,\"maxHeadersCount\":null,\"headersTimeout\":60000},\"domainThrown\":false,\"message\":\"listen EADDRINUSE: address already in use :::3000\",\"name\":\"Error\",\"stack\":\"Error: listen EADDRINUSE: address already in use :::3000\\n    at Server.setupListenHandle [as _listen2] (net.js:1308:16)\\n    at listenInCluster (net.js:1356:12)\\n    at Server.listen (net.js:1444:7)\\n    at create (/usr/local/lib/node_modules/mountebank/src/models/http/baseHttpServer.js:143:16)\\n    at Object.createServer (/usr/local/lib/node_modules/mountebank/src/models/protocols.js:23:13)\\n    at Domain.<anonymous> (/usr/local/lib/node_modules/mountebank/src/models/imposter.js:164:18)\\n    at Domain.run (domain.js:371:14)\\n    at Object.create (/usr/local/lib/node_modules/mountebank/src/models/imposter.js:159:12)\\n    at createImposter (/usr/local/lib/node_modules/mountebank/src/models/protocols.js:156:25)\\n    at Object.result.<computed>.createImposterFrom (/usr/local/lib/node_modules/mountebank/src/models/protocols.js:163:61)\"}","level":"error","timestamp":"2020-12-13T08:57:55.789Z"}
{"message":"[http:3000] ::ffff:127.0.0.1:64200 => PUT /pets/123","level":"info","timestamp":"2020-12-13T08:57:55.792Z"}
{"message":"[mb:2525] POST /imposters","level":"info","timestamp":"2020-12-13T09:01:01.418Z"}
{"message":"[mb:2525] error creating imposter: {\"code\":\"EADDRINUSE\",\"errno\":-48,\"syscall\":\"listen\",\"address\":\"::\",\"port\":3000,\"domainEmitter\":{\"_events\":{\"connection\":[null,null]},\"_eventsCount\":3,\"_connections\":0,\"_handle\":null,\"_usingWorkers\":false,\"_workers\":[],\"_unref\":false,\"allowHalfOpen\":true,\"pauseOnConnect\":false,\"httpAllowHalfOpen\":false,\"timeout\":0,\"keepAliveTimeout\":5000,\"maxHeadersCount\":null,\"headersTimeout\":60000},\"domainThrown\":false,\"message\":\"listen EADDRINUSE: address already in use :::3000\",\"name\":\"Error\",\"stack\":\"Error: listen EADDRINUSE: address already in use :::3000\\n    at Server.setupListenHandle [as _listen2] (net.js:1308:16)\\n    at listenInCluster (net.js:1356:12)\\n    at Server.listen (net.js:1444:7)\\n    at create (/usr/local/lib/node_modules/mountebank/src/models/http/baseHttpServer.js:143:16)\\n    at Object.createServer (/usr/local/lib/node_modules/mountebank/src/models/protocols.js:23:13)\\n    at Domain.<anonymous> (/usr/local/lib/node_modules/mountebank/src/models/imposter.js:164:18)\\n    at Domain.run (domain.js:371:14)\\n    at Object.create (/usr/local/lib/node_modules/mountebank/src/models/imposter.js:159:12)\\n    at createImposter (/usr/local/lib/node_modules/mountebank/src/models/protocols.js:156:25)\\n    at Object.result.<computed>.createImposterFrom (/usr/local/lib/node_modules/mountebank/src/models/protocols.js:163:61)\"}","level":"error","timestamp":"2020-12-13T09:01:01.423Z"}
{"message":"[http:3000] ::ffff:127.0.0.1:64233 => PUT /pets/123","level":"info","timestamp":"2020-12-13T09:01:01.424Z"}
{"message":"[http:3000] ::ffff:127.0.0.1:64234 => DELETE /","level":"info","timestamp":"2020-12-13T09:01:01.438Z"}
{"message":"[mb:2525] POST /imposters","level":"info","timestamp":"2020-12-13T09:01:33.773Z"}
{"message":"[mb:2525] error creating imposter: {\"code\":\"EADDRINUSE\",\"errno\":-48,\"syscall\":\"listen\",\"address\":\"::\",\"port\":3000,\"domainEmitter\":{\"_events\":{\"connection\":[null,null]},\"_eventsCount\":3,\"_connections\":0,\"_handle\":null,\"_usingWorkers\":false,\"_workers\":[],\"_unref\":false,\"allowHalfOpen\":true,\"pauseOnConnect\":false,\"httpAllowHalfOpen\":false,\"timeout\":0,\"keepAliveTimeout\":5000,\"maxHeadersCount\":null,\"headersTimeout\":60000},\"domainThrown\":false,\"message\":\"listen EADDRINUSE: address already in use :::3000\",\"name\":\"Error\",\"stack\":\"Error: listen EADDRINUSE: address already in use :::3000\\n    at Server.setupListenHandle [as _listen2] (net.js:1308:16)\\n    at listenInCluster (net.js:1356:12)\\n    at Server.listen (net.js:1444:7)\\n    at create (/usr/local/lib/node_modules/mountebank/src/models/http/baseHttpServer.js:143:16)\\n    at Object.createServer (/usr/local/lib/node_modules/mountebank/src/models/protocols.js:23:13)\\n    at Domain.<anonymous> (/usr/local/lib/node_modules/mountebank/src/models/imposter.js:164:18)\\n    at Domain.run (domain.js:371:14)\\n    at Object.create (/usr/local/lib/node_modules/mountebank/src/models/imposter.js:159:12)\\n    at createImposter (/usr/local/lib/node_modules/mountebank/src/models/protocols.js:156:25)\\n    at Object.result.<computed>.createImposterFrom (/usr/local/lib/node_modules/mountebank/src/models/protocols.js:163:61)\"}","level":"error","timestamp":"2020-12-13T09:01:33.777Z"}
{"message":"[http:3000] ::ffff:127.0.0.1:64246 => PUT /pets/123","level":"info","timestamp":"2020-12-13T09:01:33.778Z"}
{"message":"[http:3000] ::ffff:127.0.0.1:64247 => DELETE /","level":"info","timestamp":"2020-12-13T09:01:33.794Z"}
{"message":"[http:3000] ::ffff:127.0.0.1:64248 => PUT /pets/123","level":"info","timestamp":"2020-12-13T09:01:33.801Z"}
